<?xml version="1.0" encoding="UTF-8"?>
<!-- Generated by org.testng.reporters.JUnitXMLReporter -->
<testsuite ignored="0" hostname="DESKTOP-61UCCFL" failures="0" tests="4" name="Test" time="101.462" errors="0" timestamp="2023-08-04T15:10:58 IST">
  <testcase classname="TestCases.VerifyRegisterAndLogin" name="VerifyValidRegister" time="16.102"/>
  <testcase classname="TestCases.VerifyRegisterAndLogin" name="ValidLogin" time="4.576"/>
  <testcase classname="TestCases.VerifyAddToCart" name="CartTest" time="2.845"/>
  <testcase classname="TestCases.VerifyHeader" name="VerifyDesktopHeader" time="57.214"/>
</testsuite> <!-- Test -->
