<?xml version="1.0" encoding="UTF-8"?>
<testng-results ignored="0" total="1" passed="1" failed="0" skipped="0">
  <reporter-output>
  </reporter-output>
  <suite started-at="2023-08-03T16:09:15 IST" name="Default suite" finished-at="2023-08-03T16:09:21 IST" duration-ms="6075">
    <groups>
    </groups>
    <test started-at="2023-08-03T16:09:15 IST" name="Default test" finished-at="2023-08-03T16:09:21 IST" duration-ms="6075">
      <class name="TestCases.VerifyHeader">
        <test-method is-config="true" signature="launchBrowserandURL()[pri:0, instance:TestCases.VerifyHeader@692f203f]" started-at="2023-08-03T16:09:15 IST" name="launchBrowserandURL" finished-at="2023-08-03T16:09:21 IST" duration-ms="5947" status="PASS">
          <reporter-output>
          </reporter-output>
        </test-method> <!-- launchBrowserandURL -->
        <test-method signature="VerifyDesktopHeader()[pri:0, instance:TestCases.VerifyHeader@692f203f]" started-at="2023-08-03T16:09:21 IST" name="VerifyDesktopHeader" finished-at="2023-08-03T16:09:21 IST" duration-ms="60" status="PASS">
          <reporter-output>
          </reporter-output>
        </test-method> <!-- VerifyDesktopHeader -->
      </class> <!-- TestCases.VerifyHeader -->
    </test> <!-- Default test -->
  </suite> <!-- Default suite -->
</testng-results>
